=== OilBoy Standalone Controller Debug Log ===
Started at: 2025-08-06 11:50:32
Frozen: False
PIL Available: True
==================================================
[11:50:32] FORCE: PIL imported successfully in load_logo
[11:50:32] Looking for logo at: C:\Users\colin\Python_code\OilBoyStandAloneApp_new\OilBoy_software logo.png
[11:50:32] Logo file found, attempting to load with PIL...
[11:50:32] Image opened successfully, size: (1024, 1024)
[11:50:32] Image resized to 100x100
[11:50:32] PhotoImage created successfully
[11:50:32] ICO file path: oilboy_icon.ico
[11:50:32] ICO file already exists: oilboy_icon.ico
[11:50:32] Taskbar icon set successfully
[11:50:32] Application icon set successfully
[11:50:32] OilBoy logo loaded successfully
[11:50:33] Taskbar icon refreshed using Windows API
[11:50:33] Connecting to SlideBook at 127.0.0.1:65432...
[11:50:33] SlideBook connected successfully
[11:50:33] Loaded 5 objectives
[11:50:43] 🔄 Connect OilBoy button clicked!
[11:50:44] 🧵 Started connection in background thread
[11:50:44] ✅ Asyncio loop is running
[11:50:44] 🔍 Checking BLE adapter status...
[11:50:44] 📱 OS: Windows 11
[11:50:44] 🧪 Testing BLE adapter...
[11:50:44] ⏱️ Starting BLE discovery...
[11:50:44] ⏱️ Waiting for discovery result...
[11:50:44] ✅ BLE adapter OK - can see 23 devices
[11:50:44] Scanning for OilBoy A001...
[11:50:44] Scan attempt 1/3...
[11:50:44] Scanning for OILBOY_A001 (up to 24s)...
[11:50:44] 💡 Will also accept partial matches like 'OILBOY_A' for 'OILBOY_A001'
[11:50:44] Scan attempt 1...
[11:50:46] Found 48 BLE devices
[11:50:46] 🎯 OILBOY devices: OILBOY_A
[11:50:46] 📱 Found 48 total devices. Others: Unknown, 228DB3E, Unknown
[11:50:46] ✅ Found partial match: OILBOY_A (looking for OILBOY_A001)
[11:50:46] Found OILBOY_A001 at DC:54:75:EB:82:81. Connecting...
[11:50:48] Connected. Setting up services...
[11:50:49] OilBoy connected successfully
[11:50:49] OilBoy is ready.
[11:50:49] Scan connection successful!
[11:50:50] Requesting battery status after connection...
[11:50:52] Requesting battery status...
[11:50:54] Battery status request timed out - OilBoy may not be responding
[11:50:54] Error sending command: 
[11:50:54] Command sent: BATTERY
[11:50:54] Battery status request sent successfully
[11:50:55] Dispensing 500 steps of oil...
[11:50:55] OilBoy: OIL_OK:500ms
[11:50:59] Error dispensing oil: 
[11:50:59] OilBoy: OIL_OK:500ms
[11:50:59] Error sending command: 
[11:51:00] Application shutdown initiated...
[11:51:00] Disconnecting from OilBoy...
[11:51:05] Error disconnecting OilBoy: 
[11:51:05] Disconnecting from SlideBook...
[11:51:05] SlideBook socket closed cleanly
[11:51:05] Asyncio loop stopped
[11:51:05] Window geometry saved: 736x817+746+1
[11:51:05] Configuration saved
[11:51:05] Application shutdown complete
