=== OilBoy Standalone Controller Debug Log ===
Started at: 2025-08-06 13:31:26
Frozen: True
PIL Available: True
==================================================
[13:31:26] FORCE: PIL imported successfully in load_logo
[13:31:26] Looking for logo at: C:\Users\colin\AppData\Local\Temp\_MEI262002\OilBoy_software logo.png
[13:31:26] Logo file found, attempting to load with PIL...
[13:31:26] Image opened successfully, size: (1024, 1024)
[13:31:26] Image resized to 100x100
[13:31:26] PhotoImage created successfully
[13:31:26] ICO file path: C:\Users\colin\Python_code\OilBoyStandAloneApp_new\dist\oilboy_icon.ico
[13:31:26] ICO file already exists: C:\Users\colin\Python_code\OilBoyStandAloneApp_new\dist\oilboy_icon.ico
[13:31:26] Taskbar icon set successfully
[13:31:26] Application icon set successfully
[13:31:26] OilBoy logo loaded successfully
[13:31:27] Taskbar icon refreshed using Windows API
[13:31:27] Connecting to SlideBook at 127.0.0.1:65432...
[13:31:27] SlideBook connected successfully
[13:31:27] Loaded 5 objectives
[13:31:27] Set OilBoy objective to first available: 20x
[13:31:33] 🔄 Connect OilBoy button clicked!
[13:31:33] ✅ Asyncio loop is running
ckground thread
[13:31:33] 🔍 Checking BLE adapter status...
[13:31:33] 📱 OS: Windows 10
[13:31:33] 🧪 Testing BLE adapter...
[13:31:33] ⏱️ Starting BLE discovery...
[13:31:33] ⏱️ Waiting for discovery result...
[13:31:34] ✅ BLE adapter OK - can see 20 devices
[13:31:34] Scanning for OilBoy A001...
[13:31:34] Scan attempt 1/3...
[13:31:34] Scanning for OILBOY_A001 (up to 24s)...
[13:31:34] 💡 Will also accept partial matches like 'OILBOY_A' for 'OILBOY_A001'
[13:31:34] Scan attempt 1...
[13:31:36] Found 39 BLE devices
[13:31:36] 📱 Found 39 total devices. Others: Unknown, Unknown, Unknown
[13:31:36] Scan attempt 2...
[13:31:38] Found 44 BLE devices
[13:31:38] 📱 Found 44 total devices. Others: Unknown, 228DB3E, Unknown
[13:31:39] Scan attempt 3...
[13:31:41] Found 50 BLE devices
[13:31:41] 🎯 OILBOY devices: OILBOY_A
[13:31:41] 📱 Found 50 total devices. Others: Unknown, oprpxB2gBAHsolAsAAAAA, WSPK4
[13:31:41] ✅ Found partial match: OILBOY_A (looking for OILBOY_A001)
[13:31:41] Found OILBOY_A001 at DC:54:75:EB:82:81. Connecting...
[13:31:43] Connected. Setting up services...
[13:31:43] OilBoy connected successfully
[13:31:43] OilBoy is ready.
[13:31:43] Scan connection successful!
[13:31:44] Requesting battery status after connection...
[13:31:46] Requesting battery status...
[13:31:48] Battery status request timed out - OilBoy may not be responding
[13:31:48] Command sent: BATTERY
[13:31:48] Command sent: BATTERY
[13:31:48] Battery status request sent successfully
[13:31:51] Dispensing 50 steps of oil...
[13:31:51] OilBoy: OIL_OK:50ms
[13:31:55] Error dispensing oil: 
[13:31:55] Dispensing 50 steps of oil...
[13:31:59] Error dispensing oil: 
[13:31:59] OilBoy: OIL_OK:50ms
[13:31:59] Command sent: OIL:50
[13:31:59] OilBoy: OIL_OK:50ms
[13:31:59] OilBoy: OIL_OK:50ms
[13:31:59] Command sent: OIL:50
[13:32:29] OilBoy: LIGHT_SLEEP_ACTIVE
[13:32:59] OilBoy: LIGHT_SLEEP_ACTIVE
[13:33:10] OilBoy configuration saved: Serial A001
[13:33:30] OilBoy: LIGHT_SLEEP_ACTIVE
[13:33:42] Application shutdown initiated...
[13:33:42] Disconnecting from OilBoy...
[13:33:47] Error disconnecting OilBoy: 
[13:33:47] Disconnecting from SlideBook...
[13:33:47] SlideBook socket closed cleanly
[13:33:47] Asyncio loop stopped
[13:33:47] Window geometry saved: 800x803+687+5
[13:33:47] Configuration saved
[13:33:47] Application shutdown complete
